<!DOCTYPE html PUBLIC "-//W3C//DTD XHTML 1.1//EN" "https://www.w3.org/TR/xhtml11/DTD/xhtml11.dtd">
<html xmlns="https://www.w3.org/1999/xhtml">
<head>
<meta http-equiv="content-type" content="text/html; charset=UTF-8"/>
<title>TestNG Report</title>
<style type="text/css">table {margin-bottom:10px;border-collapse:collapse;empty-cells:show}th,td {border:1px solid #009;padding:.25em .5em}th {vertical-align:bottom}td {vertical-align:top}table a {font-weight:bold}.stripe td {background-color: #E6EBF9}.num {text-align:right}.passedodd td {background-color: #3F3}.passedeven td {background-color: #0A0}.skippedodd td {background-color: #DDD}.skippedeven td {background-color: #CCC}.failedodd td,.attn {background-color: #F33}.failedeven td,.stripe .attn {background-color: #D00}.stacktrace {white-space:pre;font-family:monospace}.totop {font-size:85%;text-align:center;border-bottom:2px solid #000}.invisible {display:none}</style>
</head>
<body>
<table>
<tr><th>Test</th><th># Passed</th><th># Skipped</th><th># Retried</th><th># Failed</th><th>Time (ms)</th><th>Included Groups</th><th>Excluded Groups</th></tr>
<tr><th colspan="8">Suite</th></tr>
<tr><td><a href="#t0">Test</a></td><td class="num">0</td><td class="num">0</td><td class="num">0</td><td class="num attn">5</td><td class="num">8,140</td><td></td><td></td></tr>
</table>
<table id='summary'><thead><tr><th>Class</th><th>Method</th><th>Start</th><th>Time (ms)</th></tr></thead><tbody><tr><th colspan="4">Suite</th></tr></tbody><tbody id="t0"><tr><th colspan="4">Test &#8212; failed</th></tr><tr class="failedeven"><td rowspan="5">com.TestBankDemo2.TestCases.TC_TestRegister</td><td><a href="#m0">tc1</a></td><td rowspan="5">1658237564278</td><td rowspan="5">2</td></tr><tr class="failedeven"><td><a href="#m1">tc1</a></td></tr><tr class="failedeven"><td><a href="#m2">tc1</a></td></tr><tr class="failedeven"><td><a href="#m3">tc1</a></td></tr><tr class="failedeven"><td><a href="#m4">tc1</a></td></tr></tbody>
</table>
<h2>Test</h2><h3 id="m0">com.TestBankDemo2.TestCases.TC_TestRegister#tc1</h3><table class="result"><tr class="param"><th>Parameter #1</th><th>Parameter #2</th><th>Parameter #3</th><th>Parameter #4</th><th>Parameter #5</th><th>Parameter #6</th><th>Parameter #7</th><th>Parameter #8</th><th>Parameter #9</th><th>Parameter #10</th><th>Parameter #11</th><th>Parameter #12</th><th>Parameter #13</th><th>Parameter #14</th><th>Parameter #15</th><th>Parameter #16</th><th>Parameter #17</th><th>Parameter #18</th></tr><tr class="param stripe"><td>Don</td><td>Bradman</td><td>don@gmail.com</td><td>7738633672</td><td>Married</td><td>9/19/98</td><td>ABCD</td><td>XYZW</td><td>USA</td><td>Texas</td><td>Houston</td><td>Loan Account</td><td>Home Loan</td><td>15000</td><td>5000</td><td>1456</td><td>24</td><td>5000</td></tr><tr><th colspan="18">Exception</th></tr><tr><td colspan="18"><div class="stacktrace">java.lang.NullPointerException: Cannot invoke &quot;org.openqa.selenium.WebDriver.manage()&quot; because &quot;com.TestBankDemo2.TestCases.TC_TestRegister.driver&quot; is null
	at com.TestBankDemo2.TestCases.TC_TestRegister.tc1(TC_TestRegister.java:41)
	at java.base/java.util.ArrayList.forEach(ArrayList.java:1511)
... Removed 27 stack frames</div></td></tr></table><p class="totop"><a href="#summary">back to summary</a></p>
<h3 id="m1">com.TestBankDemo2.TestCases.TC_TestRegister#tc1</h3><table class="result"><tr class="param"><th>Parameter #1</th><th>Parameter #2</th><th>Parameter #3</th><th>Parameter #4</th><th>Parameter #5</th><th>Parameter #6</th><th>Parameter #7</th><th>Parameter #8</th><th>Parameter #9</th><th>Parameter #10</th><th>Parameter #11</th><th>Parameter #12</th><th>Parameter #13</th><th>Parameter #14</th><th>Parameter #15</th><th>Parameter #16</th><th>Parameter #17</th><th>Parameter #18</th></tr><tr class="param stripe"><td>Sunil</td><td>Gavaskar</td><td>sunil@gmail.com</td><td>7738633672</td><td>Married</td><td>9/20/98</td><td>ABCD</td><td>XYZW</td><td>USA</td><td>Texas</td><td>Houston</td><td>Savings Account</td><td>Regular</td><td>20000</td><td>5000</td><td>1456</td><td></td><td></td></tr><tr><th colspan="18">Exception</th></tr><tr><td colspan="18"><div class="stacktrace">java.lang.NullPointerException: Cannot invoke &quot;org.openqa.selenium.WebDriver.manage()&quot; because &quot;com.TestBankDemo2.TestCases.TC_TestRegister.driver&quot; is null
	at com.TestBankDemo2.TestCases.TC_TestRegister.tc1(TC_TestRegister.java:41)
	at java.base/java.util.ArrayList.forEach(ArrayList.java:1511)
... Removed 27 stack frames</div></td></tr></table><p class="totop"><a href="#summary">back to summary</a></p>
<h3 id="m2">com.TestBankDemo2.TestCases.TC_TestRegister#tc1</h3><table class="result"><tr class="param"><th>Parameter #1</th><th>Parameter #2</th><th>Parameter #3</th><th>Parameter #4</th><th>Parameter #5</th><th>Parameter #6</th><th>Parameter #7</th><th>Parameter #8</th><th>Parameter #9</th><th>Parameter #10</th><th>Parameter #11</th><th>Parameter #12</th><th>Parameter #13</th><th>Parameter #14</th><th>Parameter #15</th><th>Parameter #16</th><th>Parameter #17</th><th>Parameter #18</th></tr><tr class="param stripe"><td>Viv</td><td>Richards</td><td>viv@gmail.com</td><td>7738633672</td><td>Single</td><td>9/18/98</td><td>ABCD</td><td>XYZW</td><td>USA</td><td>Texas</td><td>Houston</td><td>Savings Account</td><td>Regular</td><td>14800</td><td>5000</td><td>1456</td><td></td><td></td></tr><tr><th colspan="18">Exception</th></tr><tr><td colspan="18"><div class="stacktrace">java.lang.NullPointerException: Cannot invoke &quot;org.openqa.selenium.WebDriver.manage()&quot; because &quot;com.TestBankDemo2.TestCases.TC_TestRegister.driver&quot; is null
	at com.TestBankDemo2.TestCases.TC_TestRegister.tc1(TC_TestRegister.java:41)
	at java.base/java.util.ArrayList.forEach(ArrayList.java:1511)
... Removed 27 stack frames</div></td></tr></table><p class="totop"><a href="#summary">back to summary</a></p>
<h3 id="m3">com.TestBankDemo2.TestCases.TC_TestRegister#tc1</h3><table class="result"><tr class="param"><th>Parameter #1</th><th>Parameter #2</th><th>Parameter #3</th><th>Parameter #4</th><th>Parameter #5</th><th>Parameter #6</th><th>Parameter #7</th><th>Parameter #8</th><th>Parameter #9</th><th>Parameter #10</th><th>Parameter #11</th><th>Parameter #12</th><th>Parameter #13</th><th>Parameter #14</th><th>Parameter #15</th><th>Parameter #16</th><th>Parameter #17</th><th>Parameter #18</th></tr><tr class="param stripe"><td>Brett</td><td>Lee</td><td>brett@gmail.com</td><td>7738633672</td><td>Married</td><td>9/21/98</td><td>ABCD</td><td>XYZW</td><td>USA</td><td>Texas</td><td>Houston</td><td>Savings Account</td><td>Regular</td><td>70000</td><td>5000</td><td>1456</td><td></td><td></td></tr><tr><th colspan="18">Exception</th></tr><tr><td colspan="18"><div class="stacktrace">java.lang.NullPointerException: Cannot invoke &quot;org.openqa.selenium.WebDriver.manage()&quot; because &quot;com.TestBankDemo2.TestCases.TC_TestRegister.driver&quot; is null
	at com.TestBankDemo2.TestCases.TC_TestRegister.tc1(TC_TestRegister.java:41)
	at java.base/java.util.ArrayList.forEach(ArrayList.java:1511)
... Removed 27 stack frames</div></td></tr></table><p class="totop"><a href="#summary">back to summary</a></p>
<h3 id="m4">com.TestBankDemo2.TestCases.TC_TestRegister#tc1</h3><table class="result"><tr class="param"><th>Parameter #1</th><th>Parameter #2</th><th>Parameter #3</th><th>Parameter #4</th><th>Parameter #5</th><th>Parameter #6</th><th>Parameter #7</th><th>Parameter #8</th><th>Parameter #9</th><th>Parameter #10</th><th>Parameter #11</th><th>Parameter #12</th><th>Parameter #13</th><th>Parameter #14</th><th>Parameter #15</th><th>Parameter #16</th><th>Parameter #17</th><th>Parameter #18</th></tr><tr class="param stripe"><td>Kapil</td><td>Dev</td><td>pankaj.suryavasnhi98@gmail.com</td><td>7738633672</td><td>Single</td><td>9/17/98</td><td>ABCD</td><td>XYZW</td><td>USA</td><td>Texas</td><td>Houston</td><td>Loan Account</td><td>Home Loan</td><td>75000</td><td>5000</td><td>1456</td><td>12</td><td>10000</td></tr><tr><th colspan="18">Exception</th></tr><tr><td colspan="18"><div class="stacktrace">java.lang.NullPointerException: Cannot invoke &quot;org.openqa.selenium.WebDriver.manage()&quot; because &quot;com.TestBankDemo2.TestCases.TC_TestRegister.driver&quot; is null
	at com.TestBankDemo2.TestCases.TC_TestRegister.tc1(TC_TestRegister.java:41)
	at java.base/java.util.ArrayList.forEach(ArrayList.java:1511)
... Removed 27 stack frames</div></td></tr></table><p class="totop"><a href="#summary">back to summary</a></p>
</body>
</html>
