<?xml version="1.0" encoding="UTF-8"?>
<testng-results ignored="0" total="5" passed="0" failed="5" skipped="0">
  <reporter-output>
  </reporter-output>
  <suite started-at="2022-07-19T19:02:36 IST" name="Suite" finished-at="2022-07-19T19:02:44 IST" duration-ms="8140">
    <groups>
    </groups>
    <test started-at="2022-07-19T19:02:36 IST" name="Test" finished-at="2022-07-19T19:02:44 IST" duration-ms="8140">
      <class name="com.TestBankDemo2.TestCases.TC_TestRegister">
        <test-method is-config="true" signature="setup(java.lang.String)[pri:0, instance:com.TestBankDemo2.TestCases.TC_TestRegister@5149d738]" started-at="2022-07-19T19:02:36 IST" name="setup" finished-at="2022-07-19T19:02:42 IST" duration-ms="5872" status="PASS">
          <params>
            <param index="0">
              <value>
                <![CDATA[chrome]]>
              </value>
            </param>
          </params>
          <reporter-output>
          </reporter-output>
        </test-method> <!-- setup -->
        <test-method signature="tc1(java.lang.String,java.lang.String,java.lang.String,java.lang.String,java.lang.String,java.lang.String,java.lang.String,java.lang.String,java.lang.String,java.lang.String,java.lang.String,java.lang.String,java.lang.String,java.lang.String,java.lang.String,java.lang.String,java.lang.String,java.lang.String)[pri:0, instance:com.TestBankDemo2.TestCases.TC_TestRegister@5149d738]" started-at="2022-07-19T19:02:44 IST" name="tc1" data-provider="RegisterData" finished-at="2022-07-19T19:02:44 IST" duration-ms="5" status="FAIL">
          <params>
            <param index="0">
              <value>
                <![CDATA[Kapil]]>
              </value>
            </param>
            <param index="1">
              <value>
                <![CDATA[Dev]]>
              </value>
            </param>
            <param index="2">
              <value>
                <![CDATA[pankaj.suryavasnhi98@gmail.com]]>
              </value>
            </param>
            <param index="3">
              <value>
                <![CDATA[7738633672]]>
              </value>
            </param>
            <param index="4">
              <value>
                <![CDATA[Single]]>
              </value>
            </param>
            <param index="5">
              <value>
                <![CDATA[9/17/98]]>
              </value>
            </param>
            <param index="6">
              <value>
                <![CDATA[ABCD]]>
              </value>
            </param>
            <param index="7">
              <value>
                <![CDATA[XYZW]]>
              </value>
            </param>
            <param index="8">
              <value>
                <![CDATA[USA]]>
              </value>
            </param>
            <param index="9">
              <value>
                <![CDATA[Texas]]>
              </value>
            </param>
            <param index="10">
              <value>
                <![CDATA[Houston]]>
              </value>
            </param>
            <param index="11">
              <value>
                <![CDATA[Loan Account]]>
              </value>
            </param>
            <param index="12">
              <value>
                <![CDATA[Home Loan]]>
              </value>
            </param>
            <param index="13">
              <value>
                <![CDATA[75000]]>
              </value>
            </param>
            <param index="14">
              <value>
                <![CDATA[5000]]>
              </value>
            </param>
            <param index="15">
              <value>
                <![CDATA[1456]]>
              </value>
            </param>
            <param index="16">
              <value>
                <![CDATA[12]]>
              </value>
            </param>
            <param index="17">
              <value>
                <![CDATA[10000]]>
              </value>
            </param>
          </params>
          <exception class="java.lang.NullPointerException">
            <message>
              <![CDATA[Cannot invoke "org.openqa.selenium.WebDriver.manage()" because "com.TestBankDemo2.TestCases.TC_TestRegister.driver" is null]]>
            </message>
            <full-stacktrace>
              <![CDATA[java.lang.NullPointerException: Cannot invoke "org.openqa.selenium.WebDriver.manage()" because "com.TestBankDemo2.TestCases.TC_TestRegister.driver" is null
at com.TestBankDemo2.TestCases.TC_TestRegister.tc1(TC_TestRegister.java:41)
at java.base/jdk.internal.reflect.NativeMethodAccessorImpl.invoke0(Native Method)
at java.base/jdk.internal.reflect.NativeMethodAccessorImpl.invoke(NativeMethodAccessorImpl.java:64)
at java.base/jdk.internal.reflect.DelegatingMethodAccessorImpl.invoke(DelegatingMethodAccessorImpl.java:43)
at java.base/java.lang.reflect.Method.invoke(Method.java:564)
at org.testng.internal.invokers.MethodInvocationHelper.invokeMethod(MethodInvocationHelper.java:139)
at org.testng.internal.invokers.TestInvoker.invokeMethod(TestInvoker.java:677)
at org.testng.internal.invokers.TestInvoker.invokeTestMethod(TestInvoker.java:221)
at org.testng.internal.invokers.MethodRunner.runInSequence(MethodRunner.java:50)
at org.testng.internal.invokers.TestInvoker$MethodInvocationAgent.invoke(TestInvoker.java:962)
at org.testng.internal.invokers.TestInvoker.invokeTestMethods(TestInvoker.java:194)
at org.testng.internal.invokers.TestMethodWorker.invokeTestMethods(TestMethodWorker.java:148)
at org.testng.internal.invokers.TestMethodWorker.run(TestMethodWorker.java:128)
at java.base/java.util.ArrayList.forEach(ArrayList.java:1511)
at org.testng.TestRunner.privateRun(TestRunner.java:806)
at org.testng.TestRunner.run(TestRunner.java:601)
at org.testng.SuiteRunner.runTest(SuiteRunner.java:433)
at org.testng.SuiteRunner.runSequentially(SuiteRunner.java:427)
at org.testng.SuiteRunner.privateRun(SuiteRunner.java:387)
at org.testng.SuiteRunner.run(SuiteRunner.java:330)
at org.testng.SuiteRunnerWorker.runSuite(SuiteRunnerWorker.java:52)
at org.testng.SuiteRunnerWorker.run(SuiteRunnerWorker.java:95)
at org.testng.TestNG.runSuitesSequentially(TestNG.java:1256)
at org.testng.TestNG.runSuitesLocally(TestNG.java:1176)
at org.testng.TestNG.runSuites(TestNG.java:1099)
at org.testng.TestNG.run(TestNG.java:1067)
at org.testng.remote.AbstractRemoteTestNG.run(AbstractRemoteTestNG.java:115)
at org.testng.remote.RemoteTestNG.initAndRun(RemoteTestNG.java:251)
at org.testng.remote.RemoteTestNG.main(RemoteTestNG.java:77)
]]>
            </full-stacktrace>
          </exception> <!-- java.lang.NullPointerException -->
          <reporter-output>
          </reporter-output>
        </test-method> <!-- tc1 -->
        <test-method signature="tc1(java.lang.String,java.lang.String,java.lang.String,java.lang.String,java.lang.String,java.lang.String,java.lang.String,java.lang.String,java.lang.String,java.lang.String,java.lang.String,java.lang.String,java.lang.String,java.lang.String,java.lang.String,java.lang.String,java.lang.String,java.lang.String)[pri:0, instance:com.TestBankDemo2.TestCases.TC_TestRegister@5149d738]" started-at="2022-07-19T19:02:44 IST" name="tc1" data-provider="RegisterData" finished-at="2022-07-19T19:02:44 IST" duration-ms="1" status="FAIL">
          <params>
            <param index="0">
              <value>
                <![CDATA[Viv]]>
              </value>
            </param>
            <param index="1">
              <value>
                <![CDATA[Richards]]>
              </value>
            </param>
            <param index="2">
              <value>
                <![CDATA[viv@gmail.com]]>
              </value>
            </param>
            <param index="3">
              <value>
                <![CDATA[7738633672]]>
              </value>
            </param>
            <param index="4">
              <value>
                <![CDATA[Single]]>
              </value>
            </param>
            <param index="5">
              <value>
                <![CDATA[9/18/98]]>
              </value>
            </param>
            <param index="6">
              <value>
                <![CDATA[ABCD]]>
              </value>
            </param>
            <param index="7">
              <value>
                <![CDATA[XYZW]]>
              </value>
            </param>
            <param index="8">
              <value>
                <![CDATA[USA]]>
              </value>
            </param>
            <param index="9">
              <value>
                <![CDATA[Texas]]>
              </value>
            </param>
            <param index="10">
              <value>
                <![CDATA[Houston]]>
              </value>
            </param>
            <param index="11">
              <value>
                <![CDATA[Savings Account]]>
              </value>
            </param>
            <param index="12">
              <value>
                <![CDATA[Regular]]>
              </value>
            </param>
            <param index="13">
              <value>
                <![CDATA[14800]]>
              </value>
            </param>
            <param index="14">
              <value>
                <![CDATA[5000]]>
              </value>
            </param>
            <param index="15">
              <value>
                <![CDATA[1456]]>
              </value>
            </param>
            <param index="16">
              <value>
                <![CDATA[]]>
              </value>
            </param>
            <param index="17">
              <value>
                <![CDATA[]]>
              </value>
            </param>
          </params>
          <exception class="java.lang.NullPointerException">
            <message>
              <![CDATA[Cannot invoke "org.openqa.selenium.WebDriver.manage()" because "com.TestBankDemo2.TestCases.TC_TestRegister.driver" is null]]>
            </message>
            <full-stacktrace>
              <![CDATA[java.lang.NullPointerException: Cannot invoke "org.openqa.selenium.WebDriver.manage()" because "com.TestBankDemo2.TestCases.TC_TestRegister.driver" is null
at com.TestBankDemo2.TestCases.TC_TestRegister.tc1(TC_TestRegister.java:41)
at java.base/jdk.internal.reflect.NativeMethodAccessorImpl.invoke0(Native Method)
at java.base/jdk.internal.reflect.NativeMethodAccessorImpl.invoke(NativeMethodAccessorImpl.java:64)
at java.base/jdk.internal.reflect.DelegatingMethodAccessorImpl.invoke(DelegatingMethodAccessorImpl.java:43)
at java.base/java.lang.reflect.Method.invoke(Method.java:564)
at org.testng.internal.invokers.MethodInvocationHelper.invokeMethod(MethodInvocationHelper.java:139)
at org.testng.internal.invokers.TestInvoker.invokeMethod(TestInvoker.java:677)
at org.testng.internal.invokers.TestInvoker.invokeTestMethod(TestInvoker.java:221)
at org.testng.internal.invokers.MethodRunner.runInSequence(MethodRunner.java:50)
at org.testng.internal.invokers.TestInvoker$MethodInvocationAgent.invoke(TestInvoker.java:962)
at org.testng.internal.invokers.TestInvoker.invokeTestMethods(TestInvoker.java:194)
at org.testng.internal.invokers.TestMethodWorker.invokeTestMethods(TestMethodWorker.java:148)
at org.testng.internal.invokers.TestMethodWorker.run(TestMethodWorker.java:128)
at java.base/java.util.ArrayList.forEach(ArrayList.java:1511)
at org.testng.TestRunner.privateRun(TestRunner.java:806)
at org.testng.TestRunner.run(TestRunner.java:601)
at org.testng.SuiteRunner.runTest(SuiteRunner.java:433)
at org.testng.SuiteRunner.runSequentially(SuiteRunner.java:427)
at org.testng.SuiteRunner.privateRun(SuiteRunner.java:387)
at org.testng.SuiteRunner.run(SuiteRunner.java:330)
at org.testng.SuiteRunnerWorker.runSuite(SuiteRunnerWorker.java:52)
at org.testng.SuiteRunnerWorker.run(SuiteRunnerWorker.java:95)
at org.testng.TestNG.runSuitesSequentially(TestNG.java:1256)
at org.testng.TestNG.runSuitesLocally(TestNG.java:1176)
at org.testng.TestNG.runSuites(TestNG.java:1099)
at org.testng.TestNG.run(TestNG.java:1067)
at org.testng.remote.AbstractRemoteTestNG.run(AbstractRemoteTestNG.java:115)
at org.testng.remote.RemoteTestNG.initAndRun(RemoteTestNG.java:251)
at org.testng.remote.RemoteTestNG.main(RemoteTestNG.java:77)
]]>
            </full-stacktrace>
          </exception> <!-- java.lang.NullPointerException -->
          <reporter-output>
          </reporter-output>
        </test-method> <!-- tc1 -->
        <test-method signature="tc1(java.lang.String,java.lang.String,java.lang.String,java.lang.String,java.lang.String,java.lang.String,java.lang.String,java.lang.String,java.lang.String,java.lang.String,java.lang.String,java.lang.String,java.lang.String,java.lang.String,java.lang.String,java.lang.String,java.lang.String,java.lang.String)[pri:0, instance:com.TestBankDemo2.TestCases.TC_TestRegister@5149d738]" started-at="2022-07-19T19:02:44 IST" name="tc1" data-provider="RegisterData" finished-at="2022-07-19T19:02:44 IST" duration-ms="2" status="FAIL">
          <params>
            <param index="0">
              <value>
                <![CDATA[Don]]>
              </value>
            </param>
            <param index="1">
              <value>
                <![CDATA[Bradman]]>
              </value>
            </param>
            <param index="2">
              <value>
                <![CDATA[don@gmail.com]]>
              </value>
            </param>
            <param index="3">
              <value>
                <![CDATA[7738633672]]>
              </value>
            </param>
            <param index="4">
              <value>
                <![CDATA[Married]]>
              </value>
            </param>
            <param index="5">
              <value>
                <![CDATA[9/19/98]]>
              </value>
            </param>
            <param index="6">
              <value>
                <![CDATA[ABCD]]>
              </value>
            </param>
            <param index="7">
              <value>
                <![CDATA[XYZW]]>
              </value>
            </param>
            <param index="8">
              <value>
                <![CDATA[USA]]>
              </value>
            </param>
            <param index="9">
              <value>
                <![CDATA[Texas]]>
              </value>
            </param>
            <param index="10">
              <value>
                <![CDATA[Houston]]>
              </value>
            </param>
            <param index="11">
              <value>
                <![CDATA[Loan Account]]>
              </value>
            </param>
            <param index="12">
              <value>
                <![CDATA[Home Loan]]>
              </value>
            </param>
            <param index="13">
              <value>
                <![CDATA[15000]]>
              </value>
            </param>
            <param index="14">
              <value>
                <![CDATA[5000]]>
              </value>
            </param>
            <param index="15">
              <value>
                <![CDATA[1456]]>
              </value>
            </param>
            <param index="16">
              <value>
                <![CDATA[24]]>
              </value>
            </param>
            <param index="17">
              <value>
                <![CDATA[5000]]>
              </value>
            </param>
          </params>
          <exception class="java.lang.NullPointerException">
            <message>
              <![CDATA[Cannot invoke "org.openqa.selenium.WebDriver.manage()" because "com.TestBankDemo2.TestCases.TC_TestRegister.driver" is null]]>
            </message>
            <full-stacktrace>
              <![CDATA[java.lang.NullPointerException: Cannot invoke "org.openqa.selenium.WebDriver.manage()" because "com.TestBankDemo2.TestCases.TC_TestRegister.driver" is null
at com.TestBankDemo2.TestCases.TC_TestRegister.tc1(TC_TestRegister.java:41)
at java.base/jdk.internal.reflect.NativeMethodAccessorImpl.invoke0(Native Method)
at java.base/jdk.internal.reflect.NativeMethodAccessorImpl.invoke(NativeMethodAccessorImpl.java:64)
at java.base/jdk.internal.reflect.DelegatingMethodAccessorImpl.invoke(DelegatingMethodAccessorImpl.java:43)
at java.base/java.lang.reflect.Method.invoke(Method.java:564)
at org.testng.internal.invokers.MethodInvocationHelper.invokeMethod(MethodInvocationHelper.java:139)
at org.testng.internal.invokers.TestInvoker.invokeMethod(TestInvoker.java:677)
at org.testng.internal.invokers.TestInvoker.invokeTestMethod(TestInvoker.java:221)
at org.testng.internal.invokers.MethodRunner.runInSequence(MethodRunner.java:50)
at org.testng.internal.invokers.TestInvoker$MethodInvocationAgent.invoke(TestInvoker.java:962)
at org.testng.internal.invokers.TestInvoker.invokeTestMethods(TestInvoker.java:194)
at org.testng.internal.invokers.TestMethodWorker.invokeTestMethods(TestMethodWorker.java:148)
at org.testng.internal.invokers.TestMethodWorker.run(TestMethodWorker.java:128)
at java.base/java.util.ArrayList.forEach(ArrayList.java:1511)
at org.testng.TestRunner.privateRun(TestRunner.java:806)
at org.testng.TestRunner.run(TestRunner.java:601)
at org.testng.SuiteRunner.runTest(SuiteRunner.java:433)
at org.testng.SuiteRunner.runSequentially(SuiteRunner.java:427)
at org.testng.SuiteRunner.privateRun(SuiteRunner.java:387)
at org.testng.SuiteRunner.run(SuiteRunner.java:330)
at org.testng.SuiteRunnerWorker.runSuite(SuiteRunnerWorker.java:52)
at org.testng.SuiteRunnerWorker.run(SuiteRunnerWorker.java:95)
at org.testng.TestNG.runSuitesSequentially(TestNG.java:1256)
at org.testng.TestNG.runSuitesLocally(TestNG.java:1176)
at org.testng.TestNG.runSuites(TestNG.java:1099)
at org.testng.TestNG.run(TestNG.java:1067)
at org.testng.remote.AbstractRemoteTestNG.run(AbstractRemoteTestNG.java:115)
at org.testng.remote.RemoteTestNG.initAndRun(RemoteTestNG.java:251)
at org.testng.remote.RemoteTestNG.main(RemoteTestNG.java:77)
]]>
            </full-stacktrace>
          </exception> <!-- java.lang.NullPointerException -->
          <reporter-output>
          </reporter-output>
        </test-method> <!-- tc1 -->
        <test-method signature="tc1(java.lang.String,java.lang.String,java.lang.String,java.lang.String,java.lang.String,java.lang.String,java.lang.String,java.lang.String,java.lang.String,java.lang.String,java.lang.String,java.lang.String,java.lang.String,java.lang.String,java.lang.String,java.lang.String,java.lang.String,java.lang.String)[pri:0, instance:com.TestBankDemo2.TestCases.TC_TestRegister@5149d738]" started-at="2022-07-19T19:02:44 IST" name="tc1" data-provider="RegisterData" finished-at="2022-07-19T19:02:44 IST" duration-ms="1" status="FAIL">
          <params>
            <param index="0">
              <value>
                <![CDATA[Sunil]]>
              </value>
            </param>
            <param index="1">
              <value>
                <![CDATA[Gavaskar]]>
              </value>
            </param>
            <param index="2">
              <value>
                <![CDATA[sunil@gmail.com]]>
              </value>
            </param>
            <param index="3">
              <value>
                <![CDATA[7738633672]]>
              </value>
            </param>
            <param index="4">
              <value>
                <![CDATA[Married]]>
              </value>
            </param>
            <param index="5">
              <value>
                <![CDATA[9/20/98]]>
              </value>
            </param>
            <param index="6">
              <value>
                <![CDATA[ABCD]]>
              </value>
            </param>
            <param index="7">
              <value>
                <![CDATA[XYZW]]>
              </value>
            </param>
            <param index="8">
              <value>
                <![CDATA[USA]]>
              </value>
            </param>
            <param index="9">
              <value>
                <![CDATA[Texas]]>
              </value>
            </param>
            <param index="10">
              <value>
                <![CDATA[Houston]]>
              </value>
            </param>
            <param index="11">
              <value>
                <![CDATA[Savings Account]]>
              </value>
            </param>
            <param index="12">
              <value>
                <![CDATA[Regular]]>
              </value>
            </param>
            <param index="13">
              <value>
                <![CDATA[20000]]>
              </value>
            </param>
            <param index="14">
              <value>
                <![CDATA[5000]]>
              </value>
            </param>
            <param index="15">
              <value>
                <![CDATA[1456]]>
              </value>
            </param>
            <param index="16">
              <value>
                <![CDATA[]]>
              </value>
            </param>
            <param index="17">
              <value>
                <![CDATA[]]>
              </value>
            </param>
          </params>
          <exception class="java.lang.NullPointerException">
            <message>
              <![CDATA[Cannot invoke "org.openqa.selenium.WebDriver.manage()" because "com.TestBankDemo2.TestCases.TC_TestRegister.driver" is null]]>
            </message>
            <full-stacktrace>
              <![CDATA[java.lang.NullPointerException: Cannot invoke "org.openqa.selenium.WebDriver.manage()" because "com.TestBankDemo2.TestCases.TC_TestRegister.driver" is null
at com.TestBankDemo2.TestCases.TC_TestRegister.tc1(TC_TestRegister.java:41)
at java.base/jdk.internal.reflect.NativeMethodAccessorImpl.invoke0(Native Method)
at java.base/jdk.internal.reflect.NativeMethodAccessorImpl.invoke(NativeMethodAccessorImpl.java:64)
at java.base/jdk.internal.reflect.DelegatingMethodAccessorImpl.invoke(DelegatingMethodAccessorImpl.java:43)
at java.base/java.lang.reflect.Method.invoke(Method.java:564)
at org.testng.internal.invokers.MethodInvocationHelper.invokeMethod(MethodInvocationHelper.java:139)
at org.testng.internal.invokers.TestInvoker.invokeMethod(TestInvoker.java:677)
at org.testng.internal.invokers.TestInvoker.invokeTestMethod(TestInvoker.java:221)
at org.testng.internal.invokers.MethodRunner.runInSequence(MethodRunner.java:50)
at org.testng.internal.invokers.TestInvoker$MethodInvocationAgent.invoke(TestInvoker.java:962)
at org.testng.internal.invokers.TestInvoker.invokeTestMethods(TestInvoker.java:194)
at org.testng.internal.invokers.TestMethodWorker.invokeTestMethods(TestMethodWorker.java:148)
at org.testng.internal.invokers.TestMethodWorker.run(TestMethodWorker.java:128)
at java.base/java.util.ArrayList.forEach(ArrayList.java:1511)
at org.testng.TestRunner.privateRun(TestRunner.java:806)
at org.testng.TestRunner.run(TestRunner.java:601)
at org.testng.SuiteRunner.runTest(SuiteRunner.java:433)
at org.testng.SuiteRunner.runSequentially(SuiteRunner.java:427)
at org.testng.SuiteRunner.privateRun(SuiteRunner.java:387)
at org.testng.SuiteRunner.run(SuiteRunner.java:330)
at org.testng.SuiteRunnerWorker.runSuite(SuiteRunnerWorker.java:52)
at org.testng.SuiteRunnerWorker.run(SuiteRunnerWorker.java:95)
at org.testng.TestNG.runSuitesSequentially(TestNG.java:1256)
at org.testng.TestNG.runSuitesLocally(TestNG.java:1176)
at org.testng.TestNG.runSuites(TestNG.java:1099)
at org.testng.TestNG.run(TestNG.java:1067)
at org.testng.remote.AbstractRemoteTestNG.run(AbstractRemoteTestNG.java:115)
at org.testng.remote.RemoteTestNG.initAndRun(RemoteTestNG.java:251)
at org.testng.remote.RemoteTestNG.main(RemoteTestNG.java:77)
]]>
            </full-stacktrace>
          </exception> <!-- java.lang.NullPointerException -->
          <reporter-output>
          </reporter-output>
        </test-method> <!-- tc1 -->
        <test-method signature="tc1(java.lang.String,java.lang.String,java.lang.String,java.lang.String,java.lang.String,java.lang.String,java.lang.String,java.lang.String,java.lang.String,java.lang.String,java.lang.String,java.lang.String,java.lang.String,java.lang.String,java.lang.String,java.lang.String,java.lang.String,java.lang.String)[pri:0, instance:com.TestBankDemo2.TestCases.TC_TestRegister@5149d738]" started-at="2022-07-19T19:02:44 IST" name="tc1" data-provider="RegisterData" finished-at="2022-07-19T19:02:44 IST" duration-ms="1" status="FAIL">
          <params>
            <param index="0">
              <value>
                <![CDATA[Brett]]>
              </value>
            </param>
            <param index="1">
              <value>
                <![CDATA[Lee]]>
              </value>
            </param>
            <param index="2">
              <value>
                <![CDATA[brett@gmail.com]]>
              </value>
            </param>
            <param index="3">
              <value>
                <![CDATA[7738633672]]>
              </value>
            </param>
            <param index="4">
              <value>
                <![CDATA[Married]]>
              </value>
            </param>
            <param index="5">
              <value>
                <![CDATA[9/21/98]]>
              </value>
            </param>
            <param index="6">
              <value>
                <![CDATA[ABCD]]>
              </value>
            </param>
            <param index="7">
              <value>
                <![CDATA[XYZW]]>
              </value>
            </param>
            <param index="8">
              <value>
                <![CDATA[USA]]>
              </value>
            </param>
            <param index="9">
              <value>
                <![CDATA[Texas]]>
              </value>
            </param>
            <param index="10">
              <value>
                <![CDATA[Houston]]>
              </value>
            </param>
            <param index="11">
              <value>
                <![CDATA[Savings Account]]>
              </value>
            </param>
            <param index="12">
              <value>
                <![CDATA[Regular]]>
              </value>
            </param>
            <param index="13">
              <value>
                <![CDATA[70000]]>
              </value>
            </param>
            <param index="14">
              <value>
                <![CDATA[5000]]>
              </value>
            </param>
            <param index="15">
              <value>
                <![CDATA[1456]]>
              </value>
            </param>
            <param index="16">
              <value>
                <![CDATA[]]>
              </value>
            </param>
            <param index="17">
              <value>
                <![CDATA[]]>
              </value>
            </param>
          </params>
          <exception class="java.lang.NullPointerException">
            <message>
              <![CDATA[Cannot invoke "org.openqa.selenium.WebDriver.manage()" because "com.TestBankDemo2.TestCases.TC_TestRegister.driver" is null]]>
            </message>
            <full-stacktrace>
              <![CDATA[java.lang.NullPointerException: Cannot invoke "org.openqa.selenium.WebDriver.manage()" because "com.TestBankDemo2.TestCases.TC_TestRegister.driver" is null
at com.TestBankDemo2.TestCases.TC_TestRegister.tc1(TC_TestRegister.java:41)
at java.base/jdk.internal.reflect.NativeMethodAccessorImpl.invoke0(Native Method)
at java.base/jdk.internal.reflect.NativeMethodAccessorImpl.invoke(NativeMethodAccessorImpl.java:64)
at java.base/jdk.internal.reflect.DelegatingMethodAccessorImpl.invoke(DelegatingMethodAccessorImpl.java:43)
at java.base/java.lang.reflect.Method.invoke(Method.java:564)
at org.testng.internal.invokers.MethodInvocationHelper.invokeMethod(MethodInvocationHelper.java:139)
at org.testng.internal.invokers.TestInvoker.invokeMethod(TestInvoker.java:677)
at org.testng.internal.invokers.TestInvoker.invokeTestMethod(TestInvoker.java:221)
at org.testng.internal.invokers.MethodRunner.runInSequence(MethodRunner.java:50)
at org.testng.internal.invokers.TestInvoker$MethodInvocationAgent.invoke(TestInvoker.java:962)
at org.testng.internal.invokers.TestInvoker.invokeTestMethods(TestInvoker.java:194)
at org.testng.internal.invokers.TestMethodWorker.invokeTestMethods(TestMethodWorker.java:148)
at org.testng.internal.invokers.TestMethodWorker.run(TestMethodWorker.java:128)
at java.base/java.util.ArrayList.forEach(ArrayList.java:1511)
at org.testng.TestRunner.privateRun(TestRunner.java:806)
at org.testng.TestRunner.run(TestRunner.java:601)
at org.testng.SuiteRunner.runTest(SuiteRunner.java:433)
at org.testng.SuiteRunner.runSequentially(SuiteRunner.java:427)
at org.testng.SuiteRunner.privateRun(SuiteRunner.java:387)
at org.testng.SuiteRunner.run(SuiteRunner.java:330)
at org.testng.SuiteRunnerWorker.runSuite(SuiteRunnerWorker.java:52)
at org.testng.SuiteRunnerWorker.run(SuiteRunnerWorker.java:95)
at org.testng.TestNG.runSuitesSequentially(TestNG.java:1256)
at org.testng.TestNG.runSuitesLocally(TestNG.java:1176)
at org.testng.TestNG.runSuites(TestNG.java:1099)
at org.testng.TestNG.run(TestNG.java:1067)
at org.testng.remote.AbstractRemoteTestNG.run(AbstractRemoteTestNG.java:115)
at org.testng.remote.RemoteTestNG.initAndRun(RemoteTestNG.java:251)
at org.testng.remote.RemoteTestNG.main(RemoteTestNG.java:77)
]]>
            </full-stacktrace>
          </exception> <!-- java.lang.NullPointerException -->
          <reporter-output>
          </reporter-output>
        </test-method> <!-- tc1 -->
      </class> <!-- com.TestBankDemo2.TestCases.TC_TestRegister -->
    </test> <!-- Test -->
  </suite> <!-- Suite -->
</testng-results>
